C:\USERS\SILAMHOME\DOCUMENTS\VISUAL STUDIO 2010\PROJECTS\LOADIMAGE1\DEBUG\LOADIMAGE1.EXE
C:\USERS\SILAMHOME\DOCUMENTS\VISUAL STUDIO 2010\PROJECTS\LOADIMAGE1\DEBUG\LOADIMAGE1.ILK
C:\USERS\SILAMHOME\DOCUMENTS\VISUAL STUDIO 2010\PROJECTS\LOADIMAGE1\DEBUG\LOADIMAGE1.PDB
C:\Users\silamhome\Documents\Visual Studio 2010\Projects\loadImage1\loadImage1\Debug\cl.command.1.tlog
C:\Users\silamhome\Documents\Visual Studio 2010\Projects\loadImage1\loadImage1\Debug\CL.read.1.tlog
C:\Users\silamhome\Documents\Visual Studio 2010\Projects\loadImage1\loadImage1\Debug\CL.write.1.tlog
C:\USERS\SILAMHOME\DOCUMENTS\VISUAL STUDIO 2010\PROJECTS\LOADIMAGE1\LOADIMAGE1\DEBUG\INITSHADER.OBJ
C:\Users\silamhome\Documents\Visual Studio 2010\Projects\loadImage1\loadImage1\Debug\link.7284.read.1.tlog
C:\Users\silamhome\Documents\Visual Studio 2010\Projects\loadImage1\loadImage1\Debug\link.7284.write.1.tlog
C:\Users\silamhome\Documents\Visual Studio 2010\Projects\loadImage1\loadImage1\Debug\link.7284-cvtres.read.1.tlog
C:\Users\silamhome\Documents\Visual Studio 2010\Projects\loadImage1\loadImage1\Debug\link.7284-cvtres.write.1.tlog
C:\Users\silamhome\Documents\Visual Studio 2010\Projects\loadImage1\loadImage1\Debug\link.command.1.tlog
C:\Users\silamhome\Documents\Visual Studio 2010\Projects\loadImage1\loadImage1\Debug\link.read.1.tlog
C:\Users\silamhome\Documents\Visual Studio 2010\Projects\loadImage1\loadImage1\Debug\link.write.1.tlog
C:\Users\silamhome\Documents\Visual Studio 2010\Projects\loadImage1\loadImage1\Debug\link-cvtres.read.1.tlog
C:\Users\silamhome\Documents\Visual Studio 2010\Projects\loadImage1\loadImage1\Debug\link-cvtres.write.1.tlog
C:\USERS\SILAMHOME\DOCUMENTS\VISUAL STUDIO 2010\PROJECTS\LOADIMAGE1\LOADIMAGE1\DEBUG\LOADIMAGE1.EXE.EMBED.MANIFEST
C:\USERS\SILAMHOME\DOCUMENTS\VISUAL STUDIO 2010\PROJECTS\LOADIMAGE1\LOADIMAGE1\DEBUG\LOADIMAGE1.EXE.EMBED.MANIFEST.RES
C:\USERS\SILAMHOME\DOCUMENTS\VISUAL STUDIO 2010\PROJECTS\LOADIMAGE1\LOADIMAGE1\DEBUG\LOADIMAGE1.EXE.INTERMEDIATE.MANIFEST
C:\USERS\SILAMHOME\DOCUMENTS\VISUAL STUDIO 2010\PROJECTS\LOADIMAGE1\LOADIMAGE1\DEBUG\LOADIMAGE1.OBJ
C:\Users\silamhome\Documents\Visual Studio 2010\Projects\loadImage1\loadImage1\Debug\loadImage1_manifest.rc
C:\USERS\SILAMHOME\DOCUMENTS\VISUAL STUDIO 2010\PROJECTS\LOADIMAGE1\LOADIMAGE1\DEBUG\MATRIX_STACK.OBJ
C:\Users\silamhome\Documents\Visual Studio 2010\Projects\loadImage1\loadImage1\Debug\mt.command.1.tlog
C:\Users\silamhome\Documents\Visual Studio 2010\Projects\loadImage1\loadImage1\Debug\mt.read.1.tlog
C:\Users\silamhome\Documents\Visual Studio 2010\Projects\loadImage1\loadImage1\Debug\mt.write.1.tlog
C:\Users\silamhome\Documents\Visual Studio 2010\Projects\loadImage1\loadImage1\Debug\rc.command.1.tlog
C:\Users\silamhome\Documents\Visual Studio 2010\Projects\loadImage1\loadImage1\Debug\rc.read.1.tlog
C:\Users\silamhome\Documents\Visual Studio 2010\Projects\loadImage1\loadImage1\Debug\rc.write.1.tlog
C:\Users\silamhome\Documents\Visual Studio 2010\Projects\loadImage1\loadImage1\Debug\vc100.idb
C:\USERS\SILAMHOME\DOCUMENTS\VISUAL STUDIO 2010\PROJECTS\LOADIMAGE1\LOADIMAGE1\DEBUG\VC100.PDB
